<?xml version="1.0" encoding="UTF-8"?>
<!-- Generated by org.testng.reporters.JUnitReportReporter -->
<testsuite hostname="DESKTOP-9OIN3SK" failures="0" tests="1" name="com.testngSelenium.tests.TestNGAnnotations" time="0.002" errors="0" timestamp="2023-06-30T20:44:49 AEST" skipped="0">
  <testcase classname="com.testngSelenium.tests.TestNGAnnotations" name="testCase1" time="0.002"/>
</testsuite> <!-- com.testngSelenium.tests.TestNGAnnotations -->
