<?xml version="1.0" encoding="UTF-8"?>
<!-- Generated by org.testng.reporters.JUnitReportReporter -->
<testsuite hostname="DESKTOP-9OIN3SK" failures="0" tests="3" name="com.testngSelenium.tests.SauceLabLoginTestPageFactory" time="0.860" errors="0" timestamp="2023-06-30T20:44:49 AEST" skipped="0">
  <testcase classname="com.testngSelenium.tests.SauceLabLoginTestPageFactory" name="locked_out_user_Test" time="0.260"/>
  <testcase classname="com.testngSelenium.tests.SauceLabLoginTestPageFactory" name="successfulLoginTest" time="0.260"/>
  <testcase classname="com.testngSelenium.tests.SauceLabLoginTestPageFactory" name="addToCartTest" time="0.340"/>
</testsuite> <!-- com.testngSelenium.tests.SauceLabLoginTestPageFactory -->
